
> thd-portfolio@0.1.0 build /Users/travishall/GitHub/thd-portfolio
> next build

▲ Next.js 16.1.6 (Turbopack)
- Experiments (use with caution):
  · optimizePackageImports

  Creating an optimized production build ...
✓ Compiled successfully in 1089.2ms
  Running TypeScript ...
  Collecting page data using 13 workers ...
  Generating static pages using 13 workers (0/12) ...
  Generating static pages using 13 workers (3/12) 
  Generating static pages using 13 workers (6/12) 
  Generating static pages using 13 workers (9/12) 
✓ Generating static pages using 13 workers (12/12) in 200.5ms
  Finalizing page optimization ...

Route (app)
┌ ○ /
├ ○ /_not-found
├ ○ /about
├ ○ /style-guide
├ ○ /work
└ ● /work/[id]
  ├ /work/1
  ├ /work/2
  ├ /work/3
  └ [+3 more paths]


○  (Static)  prerendered as static content
●  (SSG)     prerendered as static HTML (uses generateStaticParams)

